
-----
Test:tests/test_auth.py::TestApi::test_positive_auth (setup)
Time: 2023-07-20 11:09:30.964611
Request method: POST
Request URL: https://playground.learnqa.ru/api/user/login
Request data: {'email': 'testaa@example.com', 'password': 'secret_Password1'}
Request headers: {}
Request cookies: {}

Response code: 200
Response text: {"user_id":75880}
Response header: {'Date': 'Thu, 20 Jul 2023 08:09:42 GMT', 'Content-Type': 'application/json', 'Content-Length': '17', 'Connection': 'keep-alive', 'Keep-Alive': 'timeout=10', 'Server': 'Apache', 'Set-Cookie': 'auth_sid=af6954d50c0911920d924ff4f1034bad23742f071389eeaa85224ada991c96c7', 'x-csrf-token': '78fb02a4144b2ee0289df241d1ea50676a83f8f123742f071389eeaa85224ada991c96c7', 'Cache-Control': 'max-age=0', 'Expires': 'Thu, 20 Jul 2023 08:09:42 GMT'}
Response cookies: {'auth_sid': 'af6954d50c0911920d924ff4f1034bad23742f071389eeaa85224ada991c96c7'}

-----

-----
Test:tests/test_auth.py::TestApi::test_positive_auth (call)
Time: 2023-07-20 11:09:31.142023
Request method: GET
Request URL: https://playground.learnqa.ru/api/user/auth
Request data: None
Request headers: {'x-csrf-token': '78fb02a4144b2ee0289df241d1ea50676a83f8f123742f071389eeaa85224ada991c96c7'}
Request cookies: {'auth_sid': 'af6954d50c0911920d924ff4f1034bad23742f071389eeaa85224ada991c96c7'}

Response code: 200
Response text: {"user_id":75880}
Response header: {'Date': 'Thu, 20 Jul 2023 08:09:42 GMT', 'Content-Type': 'application/json', 'Content-Length': '17', 'Connection': 'keep-alive', 'Keep-Alive': 'timeout=10', 'Server': 'Apache', 'Cache-Control': 'max-age=0', 'Expires': 'Thu, 20 Jul 2023 08:09:42 GMT'}
Response cookies: {}

-----

-----
Test:tests/test_auth.py::TestApi::test_negative_auth[no_cookie] (setup)
Time: 2023-07-20 11:09:31.328129
Request method: POST
Request URL: https://playground.learnqa.ru/api/user/login
Request data: {'email': 'testaa@example.com', 'password': 'secret_Password1'}
Request headers: {}
Request cookies: {}

Response code: 200
Response text: {"user_id":75880}
Response header: {'Date': 'Thu, 20 Jul 2023 08:09:42 GMT', 'Content-Type': 'application/json', 'Content-Length': '17', 'Connection': 'keep-alive', 'Keep-Alive': 'timeout=10', 'Server': 'Apache', 'Set-Cookie': 'auth_sid=13663b55db05c4d0f1fbe66f196d9eb223742f071389eeaa85224ada991c96c7', 'x-csrf-token': '3608ccc5955488962957b4de51e3ff20ae01a05023742f071389eeaa85224ada991c96c7', 'Cache-Control': 'max-age=0', 'Expires': 'Thu, 20 Jul 2023 08:09:42 GMT'}
Response cookies: {'auth_sid': '13663b55db05c4d0f1fbe66f196d9eb223742f071389eeaa85224ada991c96c7'}

-----

-----
Test:tests/test_auth.py::TestApi::test_negative_auth[no_cookie] (call)
Time: 2023-07-20 11:09:31.386027
Request method: GET
Request URL: https://playground.learnqa.ru/api/user/auth
Request data: None
Request headers: {'x-csrf-token': '3608ccc5955488962957b4de51e3ff20ae01a05023742f071389eeaa85224ada991c96c7'}
Request cookies: {}

Response code: 200
Response text: {"user_id":0}
Response header: {'Date': 'Thu, 20 Jul 2023 08:09:43 GMT', 'Content-Type': 'application/json', 'Content-Length': '13', 'Connection': 'keep-alive', 'Keep-Alive': 'timeout=10', 'Server': 'Apache', 'Cache-Control': 'max-age=0', 'Expires': 'Thu, 20 Jul 2023 08:09:43 GMT'}
Response cookies: {}

-----

-----
Test:tests/test_auth.py::TestApi::test_negative_auth[no_token] (setup)
Time: 2023-07-20 11:09:31.586812
Request method: POST
Request URL: https://playground.learnqa.ru/api/user/login
Request data: {'email': 'testaa@example.com', 'password': 'secret_Password1'}
Request headers: {}
Request cookies: {}

Response code: 200
Response text: {"user_id":75880}
Response header: {'Date': 'Thu, 20 Jul 2023 08:09:43 GMT', 'Content-Type': 'application/json', 'Content-Length': '17', 'Connection': 'keep-alive', 'Keep-Alive': 'timeout=10', 'Server': 'Apache', 'Set-Cookie': 'auth_sid=825df88d2e46785d9b5a789ec7a097ec23742f071389eeaa85224ada991c96c7', 'x-csrf-token': '7733f29247ee02b0efd964bc1657dd626d4fa1a723742f071389eeaa85224ada991c96c7', 'Cache-Control': 'max-age=0', 'Expires': 'Thu, 20 Jul 2023 08:09:43 GMT'}
Response cookies: {'auth_sid': '825df88d2e46785d9b5a789ec7a097ec23742f071389eeaa85224ada991c96c7'}

-----

-----
Test:tests/test_auth.py::TestApi::test_negative_auth[no_token] (call)
Time: 2023-07-20 11:09:31.643473
Request method: GET
Request URL: https://playground.learnqa.ru/api/user/auth
Request data: None
Request headers: {}
Request cookies: {'auth_sid': '825df88d2e46785d9b5a789ec7a097ec23742f071389eeaa85224ada991c96c7'}

Response code: 200
Response text: {"user_id":0}
Response header: {'Date': 'Thu, 20 Jul 2023 08:09:43 GMT', 'Content-Type': 'application/json', 'Content-Length': '13', 'Connection': 'keep-alive', 'Keep-Alive': 'timeout=10', 'Server': 'Apache', 'Cache-Control': 'max-age=0', 'Expires': 'Thu, 20 Jul 2023 08:09:43 GMT'}
Response cookies: {}

-----

-----
Test:tests/test_user_get.py::TestUserGet::test_user_get_info_not_auth (setup)
Time: 2023-07-20 11:09:31.817597
Request method: POST
Request URL: https://playground.learnqa.ru/api/user/login
Request data: {'email': 'testaa@example.com', 'password': 'secret_Password1'}
Request headers: {}
Request cookies: {}

Response code: 200
Response text: {"user_id":75880}
Response header: {'Date': 'Thu, 20 Jul 2023 08:09:43 GMT', 'Content-Type': 'application/json', 'Content-Length': '17', 'Connection': 'keep-alive', 'Keep-Alive': 'timeout=10', 'Server': 'Apache', 'Set-Cookie': 'auth_sid=1c8756b5579ef1a4f2ebedcda3573c2f23742f071389eeaa85224ada991c96c7', 'x-csrf-token': '393f648217765e28044249524aaf8fe267916e8423742f071389eeaa85224ada991c96c7', 'Cache-Control': 'max-age=0', 'Expires': 'Thu, 20 Jul 2023 08:09:43 GMT'}
Response cookies: {'auth_sid': '1c8756b5579ef1a4f2ebedcda3573c2f23742f071389eeaa85224ada991c96c7'}

-----

-----
Test:tests/test_user_get.py::TestUserGet::test_user_get_info_not_auth (call)
Time: 2023-07-20 11:09:31.900714
Request method: GET
Request URL: https://playground.learnqa.ru/api/user/2
Request data: None
Request headers: {}
Request cookies: {}

Response code: 200
Response text: {"username":"Vitaliy"}
Response header: {'Date': 'Thu, 20 Jul 2023 08:09:44 GMT', 'Content-Type': 'application/json', 'Transfer-Encoding': 'chunked', 'Connection': 'keep-alive', 'Keep-Alive': 'timeout=10', 'Vary': 'Accept-Encoding', 'Server': 'Apache', 'Cache-Control': 'max-age=0', 'Expires': 'Thu, 20 Jul 2023 08:09:43 GMT', 'Content-Encoding': 'gzip'}
Response cookies: {}

-----

-----
Test:tests/test_user_get.py::TestUserGet::test_user_get_info_auth_as_same_user (setup)
Time: 2023-07-20 11:09:32.585202
Request method: POST
Request URL: https://playground.learnqa.ru/api/user/login
Request data: {'email': 'testaa@example.com', 'password': 'secret_Password1'}
Request headers: {}
Request cookies: {}

Response code: 200
Response text: {"user_id":75880}
Response header: {'Date': 'Thu, 20 Jul 2023 08:09:44 GMT', 'Content-Type': 'application/json', 'Content-Length': '17', 'Connection': 'keep-alive', 'Keep-Alive': 'timeout=10', 'Server': 'Apache', 'Set-Cookie': 'auth_sid=9e280371fde2ca0354690e03cbbc2da923742f071389eeaa85224ada991c96c7', 'x-csrf-token': 'a18fef02301eef2cc4248a49215c32ee1cdd7cbd23742f071389eeaa85224ada991c96c7', 'Cache-Control': 'max-age=0', 'Expires': 'Thu, 20 Jul 2023 08:09:44 GMT'}
Response cookies: {'auth_sid': '9e280371fde2ca0354690e03cbbc2da923742f071389eeaa85224ada991c96c7'}

-----

-----
Test:tests/test_user_get.py::TestUserGet::test_user_get_info_auth_as_same_user (call)
Time: 2023-07-20 11:09:32.647588
Request method: GET
Request URL: https://playground.learnqa.ru/api/user/75880
Request data: None
Request headers: {'x-csrf-token': 'a18fef02301eef2cc4248a49215c32ee1cdd7cbd23742f071389eeaa85224ada991c96c7'}
Request cookies: {'auth_sid': '9e280371fde2ca0354690e03cbbc2da923742f071389eeaa85224ada991c96c7'}

Response code: 200
Response text: {"id":"75880","username":"test_username1","email":"testaa@example.com","firstName":"First name","lastName":"Last name"}
Response header: {'Date': 'Thu, 20 Jul 2023 08:09:44 GMT', 'Content-Type': 'application/json', 'Transfer-Encoding': 'chunked', 'Connection': 'keep-alive', 'Keep-Alive': 'timeout=10', 'Vary': 'Accept-Encoding', 'Server': 'Apache', 'Cache-Control': 'max-age=0', 'Expires': 'Thu, 20 Jul 2023 08:09:44 GMT', 'Content-Encoding': 'gzip'}
Response cookies: {}

-----

-----
Test:tests/test_user_register.py::TestUserRegister::test_create_user_successfully (call)
Time: 2023-07-20 11:09:33.330906
Request method: POST
Request URL: https://playground.learnqa.ru/api/user
Request data: {'username': 'test_username', 'firstName': 'First name', 'lastName': 'Last name', 'email': 'test07202023110933@example.com', 'password': 'secret_Password1!'}
Request headers: {}
Request cookies: {}

Response code: 200
Response text: {"id":"76105"}
Response header: {'Date': 'Thu, 20 Jul 2023 08:09:45 GMT', 'Content-Type': 'application/json', 'Content-Length': '14', 'Connection': 'keep-alive', 'Keep-Alive': 'timeout=10', 'Server': 'Apache', 'Cache-Control': 'max-age=0', 'Expires': 'Thu, 20 Jul 2023 08:09:44 GMT'}
Response cookies: {}

-----

-----
Test:tests/test_user_register.py::TestUserRegister::test_create_user_with_existing_email (call)
Time: 2023-07-20 11:09:33.947185
Request method: POST
Request URL: https://playground.learnqa.ru/api/user
Request data: {'username': 'test_username', 'firstName': 'First name', 'lastName': 'Last name', 'email': 'testaa@example.com', 'password': 'secret_Password1!'}
Request headers: {}
Request cookies: {}

Response code: 400
Response text: Users with email 'testaa@example.com' already exists
Response header: {'Date': 'Thu, 20 Jul 2023 08:09:46 GMT', 'Content-Type': 'text/html; charset=utf-8', 'Content-Length': '52', 'Connection': 'keep-alive', 'Keep-Alive': 'timeout=10', 'Server': 'Apache'}
Response cookies: {}

-----

-----
Test:tests/test_user_update.py::TestUserEdit::test_edit_just_created_user (call)
Time: 2023-07-20 11:09:34.572916
Request method: POST
Request URL: https://playground.learnqa.ru/api/user
Request data: {'username': 'test_username', 'firstName': 'First name', 'lastName': 'Last name', 'email': 'test07202023110934@example.com', 'password': 'secret_Password1!'}
Request headers: {}
Request cookies: {}

Response code: 200
Response text: {"id":"76106"}
Response header: {'Date': 'Thu, 20 Jul 2023 08:09:46 GMT', 'Content-Type': 'application/json', 'Content-Length': '14', 'Connection': 'keep-alive', 'Keep-Alive': 'timeout=10', 'Server': 'Apache', 'Cache-Control': 'max-age=0', 'Expires': 'Thu, 20 Jul 2023 08:09:46 GMT'}
Response cookies: {}

-----

-----
Test:tests/test_user_update.py::TestUserEdit::test_edit_just_created_user (call)
Time: 2023-07-20 11:09:35.170707
Request method: POST
Request URL: https://playground.learnqa.ru/api/user/login
Request data: {'email': 'test07202023110934@example.com', 'password': 'secret_Password1!'}
Request headers: {}
Request cookies: {}

Response code: 200
Response text: {"user_id":76106}
Response header: {'Date': 'Thu, 20 Jul 2023 08:09:46 GMT', 'Content-Type': 'application/json', 'Content-Length': '17', 'Connection': 'keep-alive', 'Keep-Alive': 'timeout=10', 'Server': 'Apache', 'Set-Cookie': 'auth_sid=da8bf66d3cafb0cc260ebde75c4358c07317d67b6384b7a00381fc66c56c6832', 'x-csrf-token': '2f3966e18024106f7abc873514bdb09143d67fcc7317d67b6384b7a00381fc66c56c6832', 'Cache-Control': 'max-age=0', 'Expires': 'Thu, 20 Jul 2023 08:09:46 GMT'}
Response cookies: {'auth_sid': 'da8bf66d3cafb0cc260ebde75c4358c07317d67b6384b7a00381fc66c56c6832'}

-----

-----
Test:tests/test_user_update.py::TestUserEdit::test_edit_just_created_user (call)
Time: 2023-07-20 11:09:35.280235
Request method: PUT
Request URL: https://playground.learnqa.ru/api/user/76106
Request data: {'firstName': 'edited_name'}
Request headers: {'x-csrf-token': '2f3966e18024106f7abc873514bdb09143d67fcc7317d67b6384b7a00381fc66c56c6832'}
Request cookies: {'auth_sid': 'da8bf66d3cafb0cc260ebde75c4358c07317d67b6384b7a00381fc66c56c6832'}

Response code: 200
Response text: 
Response header: {'Date': 'Thu, 20 Jul 2023 08:09:47 GMT', 'Content-Type': 'text/html; charset=utf-8', 'Content-Length': '0', 'Connection': 'keep-alive', 'Keep-Alive': 'timeout=10', 'Server': 'Apache', 'Cache-Control': 'max-age=0', 'Expires': 'Thu, 20 Jul 2023 08:09:46 GMT'}
Response cookies: {}

-----

-----
Test:tests/test_user_update.py::TestUserEdit::test_edit_just_created_user (call)
Time: 2023-07-20 11:09:35.960063
Request method: GET
Request URL: https://playground.learnqa.ru/api/user/76106
Request data: None
Request headers: {'x-csrf-token': '2f3966e18024106f7abc873514bdb09143d67fcc7317d67b6384b7a00381fc66c56c6832'}
Request cookies: {'auth_sid': 'da8bf66d3cafb0cc260ebde75c4358c07317d67b6384b7a00381fc66c56c6832'}

Response code: 200
Response text: {"id":"76106","username":"test_username","email":"test07202023110934@example.com","firstName":"edited_name","lastName":"Last name"}
Response header: {'Date': 'Thu, 20 Jul 2023 08:09:48 GMT', 'Content-Type': 'application/json', 'Transfer-Encoding': 'chunked', 'Connection': 'keep-alive', 'Keep-Alive': 'timeout=10', 'Vary': 'Accept-Encoding', 'Server': 'Apache', 'Cache-Control': 'max-age=0', 'Expires': 'Thu, 20 Jul 2023 08:09:47 GMT', 'Content-Encoding': 'gzip'}
Response cookies: {}

-----
